0 info it worked if it ends with ok
1 verbose cli [ 'C:\\Program Files\\nodejs\\node.exe',
1 verbose cli   'C:\\Program Files\\nodejs\\node_modules\\npm\\bin\\npm-cli.js',
1 verbose cli   'update',
1 verbose cli   '-g' ]
2 info using npm@2.15.5
3 info using node@v4.4.6
4 silly mapToRegistry name jobtracker
5 silly mapToRegistry using default registry
6 silly mapToRegistry registry https://registry.npmjs.org/
7 silly mapToRegistry data Result {
7 silly mapToRegistry   raw: 'jobtracker',
7 silly mapToRegistry   scope: null,
7 silly mapToRegistry   name: 'jobtracker',
7 silly mapToRegistry   rawSpec: '',
7 silly mapToRegistry   spec: 'latest',
7 silly mapToRegistry   type: 'tag' }
8 silly mapToRegistry uri https://registry.npmjs.org/jobtracker
9 silly mapToRegistry name cordova
10 silly mapToRegistry using default registry
11 silly mapToRegistry registry https://registry.npmjs.org/
12 silly mapToRegistry data Result {
12 silly mapToRegistry   raw: 'cordova',
12 silly mapToRegistry   scope: null,
12 silly mapToRegistry   name: 'cordova',
12 silly mapToRegistry   rawSpec: '',
12 silly mapToRegistry   spec: 'latest',
12 silly mapToRegistry   type: 'tag' }
13 silly mapToRegistry uri https://registry.npmjs.org/cordova
14 silly mapToRegistry name ionic
15 silly mapToRegistry using default registry
16 silly mapToRegistry registry https://registry.npmjs.org/
17 silly mapToRegistry data Result {
17 silly mapToRegistry   raw: 'ionic',
17 silly mapToRegistry   scope: null,
17 silly mapToRegistry   name: 'ionic',
17 silly mapToRegistry   rawSpec: '',
17 silly mapToRegistry   spec: 'latest',
17 silly mapToRegistry   type: 'tag' }
18 silly mapToRegistry uri https://registry.npmjs.org/ionic
19 silly mapToRegistry name create-react-app
20 silly mapToRegistry using default registry
21 silly mapToRegistry registry https://registry.npmjs.org/
22 silly mapToRegistry data Result {
22 silly mapToRegistry   raw: 'create-react-app',
22 silly mapToRegistry   scope: null,
22 silly mapToRegistry   name: 'create-react-app',
22 silly mapToRegistry   rawSpec: '',
22 silly mapToRegistry   spec: 'latest',
22 silly mapToRegistry   type: 'tag' }
23 silly mapToRegistry uri https://registry.npmjs.org/create-react-app
24 silly mapToRegistry name gulp
25 silly mapToRegistry using default registry
26 silly mapToRegistry registry https://registry.npmjs.org/
27 silly mapToRegistry data Result {
27 silly mapToRegistry   raw: 'gulp',
27 silly mapToRegistry   scope: null,
27 silly mapToRegistry   name: 'gulp',
27 silly mapToRegistry   rawSpec: '',
27 silly mapToRegistry   spec: 'latest',
27 silly mapToRegistry   type: 'tag' }
28 silly mapToRegistry uri https://registry.npmjs.org/gulp
29 verbose request uri https://registry.npmjs.org/jobtracker
30 verbose request no auth needed
31 info attempt registry request try #1 at 1:23:04 PM
32 verbose request id 43b0fc83e3891844
33 http request GET https://registry.npmjs.org/jobtracker
34 verbose request uri https://registry.npmjs.org/cordova
35 verbose request no auth needed
36 info attempt registry request try #1 at 1:23:04 PM
37 verbose etag "8HGC6TXVOS2UDJTEYFXBL7K9H"
38 http request GET https://registry.npmjs.org/cordova
39 verbose request uri https://registry.npmjs.org/ionic
40 verbose request no auth needed
41 info attempt registry request try #1 at 1:23:04 PM
42 verbose etag "7P57OSLL58NMXCY5WK35QA8BD"
43 http request GET https://registry.npmjs.org/ionic
44 verbose request uri https://registry.npmjs.org/create-react-app
45 verbose request no auth needed
46 info attempt registry request try #1 at 1:23:04 PM
47 verbose etag "DVL4VGSNWVZCVZBVWHT9G3MJN"
48 http request GET https://registry.npmjs.org/create-react-app
49 verbose request uri https://registry.npmjs.org/gulp
50 verbose request no auth needed
51 info attempt registry request try #1 at 1:23:04 PM
52 verbose etag "7D1HDT6L9YVA1WP421KBD94OA"
53 http request GET https://registry.npmjs.org/gulp
54 http 304 https://registry.npmjs.org/gulp
55 verbose headers { date: 'Mon, 01 Aug 2016 17:23:03 GMT',
55 verbose headers   via: '1.1 varnish',
55 verbose headers   'cache-control': 'max-age=300',
55 verbose headers   etag: '"7D1HDT6L9YVA1WP421KBD94OA"',
55 verbose headers   age: '93',
55 verbose headers   connection: 'keep-alive',
55 verbose headers   'x-served-by': 'cache-bos8223-BOS',
55 verbose headers   'x-cache': 'HIT',
55 verbose headers   'x-cache-hits': '1',
55 verbose headers   'x-timer': 'S1470072183.433834,VS0,VE0',
55 verbose headers   vary: 'Accept-Encoding' }
56 silly get cb [ 304,
56 silly get   { date: 'Mon, 01 Aug 2016 17:23:03 GMT',
56 silly get     via: '1.1 varnish',
56 silly get     'cache-control': 'max-age=300',
56 silly get     etag: '"7D1HDT6L9YVA1WP421KBD94OA"',
56 silly get     age: '93',
56 silly get     connection: 'keep-alive',
56 silly get     'x-served-by': 'cache-bos8223-BOS',
56 silly get     'x-cache': 'HIT',
56 silly get     'x-cache-hits': '1',
56 silly get     'x-timer': 'S1470072183.433834,VS0,VE0',
56 silly get     vary: 'Accept-Encoding' } ]
57 verbose etag https://registry.npmjs.org/gulp from cache
58 verbose get saving gulp to C:\Users\JewFro\AppData\Roaming\npm-cache\registry.npmjs.org\gulp\.cache.json
59 verbose correctMkdir C:\Users\JewFro\AppData\Roaming\npm-cache correctMkdir not in flight; initializing
60 http 304 https://registry.npmjs.org/cordova
61 verbose headers { date: 'Mon, 01 Aug 2016 17:23:03 GMT',
61 verbose headers   via: '1.1 varnish',
61 verbose headers   'cache-control': 'max-age=300',
61 verbose headers   etag: '"8HGC6TXVOS2UDJTEYFXBL7K9H"',
61 verbose headers   age: '0',
61 verbose headers   connection: 'keep-alive',
61 verbose headers   'x-served-by': 'cache-bos8232-BOS',
61 verbose headers   'x-cache': 'MISS',
61 verbose headers   'x-cache-hits': '0',
61 verbose headers   'x-timer': 'S1470072183.424740,VS0,VE114',
61 verbose headers   vary: 'Accept-Encoding' }
62 silly get cb [ 304,
62 silly get   { date: 'Mon, 01 Aug 2016 17:23:03 GMT',
62 silly get     via: '1.1 varnish',
62 silly get     'cache-control': 'max-age=300',
62 silly get     etag: '"8HGC6TXVOS2UDJTEYFXBL7K9H"',
62 silly get     age: '0',
62 silly get     connection: 'keep-alive',
62 silly get     'x-served-by': 'cache-bos8232-BOS',
62 silly get     'x-cache': 'MISS',
62 silly get     'x-cache-hits': '0',
62 silly get     'x-timer': 'S1470072183.424740,VS0,VE114',
62 silly get     vary: 'Accept-Encoding' } ]
63 verbose etag https://registry.npmjs.org/cordova from cache
64 verbose get saving cordova to C:\Users\JewFro\AppData\Roaming\npm-cache\registry.npmjs.org\cordova\.cache.json
65 verbose correctMkdir C:\Users\JewFro\AppData\Roaming\npm-cache correctMkdir not in flight; initializing
66 http 404 https://registry.npmjs.org/jobtracker
67 verbose headers { 'content-type': 'application/json',
67 verbose headers   'cache-control': 'max-age=0',
67 verbose headers   'content-length': '2',
67 verbose headers   'accept-ranges': 'bytes',
67 verbose headers   date: 'Mon, 01 Aug 2016 17:23:03 GMT',
67 verbose headers   via: '1.1 varnish',
67 verbose headers   age: '0',
67 verbose headers   connection: 'keep-alive',
67 verbose headers   'x-served-by': 'cache-bos8230-BOS',
67 verbose headers   'x-cache': 'MISS',
67 verbose headers   'x-cache-hits': '0',
67 verbose headers   'x-timer': 'S1470072183.425010,VS0,VE155',
67 verbose headers   vary: 'Accept-Encoding' }
68 silly get cb [ 404,
68 silly get   { 'content-type': 'application/json',
68 silly get     'cache-control': 'max-age=0',
68 silly get     'content-length': '2',
68 silly get     'accept-ranges': 'bytes',
68 silly get     date: 'Mon, 01 Aug 2016 17:23:03 GMT',
68 silly get     via: '1.1 varnish',
68 silly get     age: '0',
68 silly get     connection: 'keep-alive',
68 silly get     'x-served-by': 'cache-bos8230-BOS',
68 silly get     'x-cache': 'MISS',
68 silly get     'x-cache-hits': '0',
68 silly get     'x-timer': 'S1470072183.425010,VS0,VE155',
68 silly get     vary: 'Accept-Encoding' } ]
69 http 304 https://registry.npmjs.org/ionic
70 verbose headers { date: 'Mon, 01 Aug 2016 17:23:03 GMT',
70 verbose headers   via: '1.1 varnish',
70 verbose headers   'cache-control': 'max-age=300',
70 verbose headers   etag: '"7P57OSLL58NMXCY5WK35QA8BD"',
70 verbose headers   age: '0',
70 verbose headers   connection: 'keep-alive',
70 verbose headers   'x-served-by': 'cache-bos8228-BOS',
70 verbose headers   'x-cache': 'MISS',
70 verbose headers   'x-cache-hits': '0',
70 verbose headers   'x-timer': 'S1470072183.434001,VS0,VE155',
70 verbose headers   vary: 'Accept-Encoding' }
71 silly get cb [ 304,
71 silly get   { date: 'Mon, 01 Aug 2016 17:23:03 GMT',
71 silly get     via: '1.1 varnish',
71 silly get     'cache-control': 'max-age=300',
71 silly get     etag: '"7P57OSLL58NMXCY5WK35QA8BD"',
71 silly get     age: '0',
71 silly get     connection: 'keep-alive',
71 silly get     'x-served-by': 'cache-bos8228-BOS',
71 silly get     'x-cache': 'MISS',
71 silly get     'x-cache-hits': '0',
71 silly get     'x-timer': 'S1470072183.434001,VS0,VE155',
71 silly get     vary: 'Accept-Encoding' } ]
72 verbose etag https://registry.npmjs.org/ionic from cache
73 verbose get saving ionic to C:\Users\JewFro\AppData\Roaming\npm-cache\registry.npmjs.org\ionic\.cache.json
74 verbose correctMkdir C:\Users\JewFro\AppData\Roaming\npm-cache correctMkdir not in flight; initializing
75 http 200 https://registry.npmjs.org/create-react-app
76 verbose headers { server: 'CouchDB/1.5.0 (Erlang OTP/R16B03)',
76 verbose headers   etag: '"3Q68AHCHDPV5U8BEIU7GPBX61"',
76 verbose headers   'content-type': 'application/json',
76 verbose headers   'content-encoding': 'gzip',
76 verbose headers   'cache-control': 'max-age=300',
76 verbose headers   'content-length': '1208',
76 verbose headers   'accept-ranges': 'bytes',
76 verbose headers   date: 'Mon, 01 Aug 2016 17:23:03 GMT',
76 verbose headers   via: '1.1 varnish',
76 verbose headers   age: '0',
76 verbose headers   connection: 'keep-alive',
76 verbose headers   'x-served-by': 'cache-bos8230-BOS',
76 verbose headers   'x-cache': 'MISS',
76 verbose headers   'x-cache-hits': '0',
76 verbose headers   'x-timer': 'S1470072183.434136,VS0,VE157',
76 verbose headers   vary: 'Accept-Encoding' }
77 silly get cb [ 200,
77 silly get   { server: 'CouchDB/1.5.0 (Erlang OTP/R16B03)',
77 silly get     etag: '"3Q68AHCHDPV5U8BEIU7GPBX61"',
77 silly get     'content-type': 'application/json',
77 silly get     'content-encoding': 'gzip',
77 silly get     'cache-control': 'max-age=300',
77 silly get     'content-length': '1208',
77 silly get     'accept-ranges': 'bytes',
77 silly get     date: 'Mon, 01 Aug 2016 17:23:03 GMT',
77 silly get     via: '1.1 varnish',
77 silly get     age: '0',
77 silly get     connection: 'keep-alive',
77 silly get     'x-served-by': 'cache-bos8230-BOS',
77 silly get     'x-cache': 'MISS',
77 silly get     'x-cache-hits': '0',
77 silly get     'x-timer': 'S1470072183.434136,VS0,VE157',
77 silly get     vary: 'Accept-Encoding' } ]
78 verbose get saving create-react-app to C:\Users\JewFro\AppData\Roaming\npm-cache\registry.npmjs.org\create-react-app\.cache.json
79 verbose correctMkdir C:\Users\JewFro\AppData\Roaming\npm-cache correctMkdir not in flight; initializing
80 verbose stack Error: Registry returned 404 for GET on https://registry.npmjs.org/jobtracker
80 verbose stack     at makeError (C:\Program Files\nodejs\node_modules\npm\node_modules\npm-registry-client\lib\request.js:264:12)
80 verbose stack     at CachingRegistryClient.<anonymous> (C:\Program Files\nodejs\node_modules\npm\node_modules\npm-registry-client\lib\request.js:242:14)
80 verbose stack     at Request._callback (C:\Program Files\nodejs\node_modules\npm\node_modules\npm-registry-client\lib\request.js:172:14)
80 verbose stack     at Request.self.callback (C:\Program Files\nodejs\node_modules\npm\node_modules\request\request.js:200:22)
80 verbose stack     at emitTwo (events.js:87:13)
80 verbose stack     at Request.emit (events.js:172:7)
80 verbose stack     at Request.<anonymous> (C:\Program Files\nodejs\node_modules\npm\node_modules\request\request.js:1067:10)
80 verbose stack     at emitOne (events.js:82:20)
80 verbose stack     at Request.emit (events.js:169:7)
80 verbose stack     at IncomingMessage.<anonymous> (C:\Program Files\nodejs\node_modules\npm\node_modules\request\request.js:988:12)
81 verbose statusCode 404
82 verbose pkgid jobtracker
83 verbose cwd C:\Users\JewFro\Apps\jobTracker
84 error Windows_NT 6.1.7601
85 error argv "C:\\Program Files\\nodejs\\node.exe" "C:\\Program Files\\nodejs\\node_modules\\npm\\bin\\npm-cli.js" "update" "-g"
86 error node v4.4.6
87 error npm  v2.15.5
88 error code E404
89 error 404 Registry returned 404 for GET on https://registry.npmjs.org/jobtracker
89 error 404
89 error 404 'jobtracker' is not in the npm registry.
89 error 404 You should bug the author to publish it (or use the name yourself!)
89 error 404
89 error 404 Note that you can also install from a
89 error 404 tarball, folder, http url, or git url.
90 verbose exit [ 1, true ]
